[2022-08-30 13:57:49] local.INFO: 000000000000000  
[2022-08-30 13:58:49] local.INFO: 000000000000000  
[2022-08-30 13:59:49] local.INFO: 000000000000000  
[2022-08-30 14:00:49] local.INFO: 000000000000000  
[2022-08-30 14:01:49] local.INFO: 000000000000000  
[2022-08-30 14:02:49] local.INFO: 000000000000000  
[2022-08-30 14:03:49] local.INFO: 000000000000000  
[2022-08-30 14:04:49] local.INFO: 000000000000000  
[2022-08-30 14:05:49] local.INFO: 000000000000000  
[2022-08-30 14:06:49] local.INFO: 000000000000000  
[2022-08-30 14:07:49] local.INFO: 000000000000000  
[2022-08-30 14:08:49] local.INFO: 000000000000000  
[2022-08-30 14:09:49] local.INFO: 000000000000000  
[2022-08-30 14:10:49] local.INFO: 000000000000000  
[2022-08-30 14:11:49] local.INFO: 000000000000000  
[2022-08-30 14:12:49] local.INFO: 000000000000000  
[2022-08-30 14:13:49] local.INFO: 000000000000000  
[2022-08-30 14:14:49] local.INFO: 000000000000000  
[2022-08-30 14:15:49] local.INFO: 000000000000000  
[2022-08-30 14:16:49] local.INFO: 000000000000000  
[2022-08-30 14:17:49] local.INFO: 000000000000000  
[2022-08-30 14:18:49] local.INFO: 000000000000000  
[2022-08-30 14:19:49] local.INFO: 000000000000000  
[2022-08-30 14:20:49] local.INFO: 000000000000000  
[2022-08-30 14:21:49] local.INFO: 000000000000000  
[2022-08-30 14:22:49] local.INFO: 000000000000000  
[2022-08-30 14:23:49] local.INFO: 000000000000000  
[2022-08-30 14:24:49] local.INFO: 000000000000000  
[2022-08-30 14:25:49] local.INFO: 000000000000000  
[2022-08-30 14:26:49] local.INFO: 000000000000000  
[2022-08-30 14:27:49] local.INFO: 000000000000000  
[2022-08-30 14:28:49] local.INFO: 000000000000000  
[2022-08-30 14:29:49] local.INFO: 000000000000000  
[2022-08-30 14:30:49] local.INFO: 000000000000000  
[2022-08-30 14:31:49] local.INFO: 000000000000000  
[2022-08-30 14:32:49] local.INFO: 000000000000000  
[2022-08-30 14:33:49] local.INFO: 000000000000000  
[2022-08-30 14:34:49] local.INFO: 000000000000000  
[2022-08-30 14:35:49] local.INFO: 000000000000000  
[2022-08-30 14:36:49] local.INFO: 000000000000000  
[2022-08-30 14:37:49] local.INFO: 000000000000000  
[2022-08-30 14:38:49] local.INFO: 000000000000000  
[2022-08-30 14:39:49] local.INFO: 000000000000000  
[2022-08-30 14:40:49] local.INFO: 000000000000000  
[2022-08-30 14:41:49] local.INFO: 000000000000000  
[2022-08-30 14:42:49] local.INFO: 000000000000000  
[2022-08-30 14:43:49] local.INFO: 000000000000000  
[2022-08-30 14:44:49] local.INFO: 000000000000000  
[2022-08-30 14:45:49] local.INFO: 000000000000000  
[2022-08-30 14:46:49] local.INFO: 000000000000000  
[2022-08-30 14:47:49] local.INFO: 000000000000000  
[2022-08-30 14:48:49] local.INFO: 000000000000000  
[2022-08-30 14:49:49] local.INFO: 000000000000000  
[2022-08-30 14:50:49] local.INFO: 000000000000000  
[2022-08-30 14:51:49] local.INFO: 000000000000000  
[2022-08-30 14:52:49] local.INFO: 000000000000000  
[2022-08-30 14:53:49] local.INFO: 000000000000000  
[2022-08-30 14:54:49] local.INFO: 000000000000000  
[2022-08-30 14:55:49] local.INFO: 000000000000000  
[2022-08-30 14:56:49] local.INFO: 000000000000000  
[2022-08-30 14:57:49] local.INFO: 000000000000000  
[2022-08-30 14:58:49] local.INFO: 000000000000000  
[2022-08-30 14:59:49] local.INFO: 000000000000000  
[2022-08-30 15:00:49] local.INFO: 000000000000000  
[2022-08-30 15:01:49] local.INFO: 000000000000000  
[2022-08-30 15:02:49] local.INFO: 000000000000000  
[2022-08-30 15:03:49] local.INFO: 000000000000000  
[2022-08-30 15:04:49] local.INFO: 000000000000000  
[2022-08-30 15:05:49] local.INFO: 000000000000000  
[2022-08-30 15:06:49] local.INFO: 000000000000000  
[2022-08-30 15:07:49] local.INFO: 000000000000000  
[2022-08-30 15:08:49] local.INFO: 000000000000000  
[2022-08-30 15:09:49] local.INFO: 000000000000000  
[2022-08-30 15:10:49] local.INFO: 000000000000000  
[2022-08-30 15:11:49] local.INFO: 000000000000000  
[2022-08-30 15:12:49] local.INFO: 000000000000000  
[2022-08-30 15:13:49] local.INFO: 000000000000000  
[2022-08-30 15:14:49] local.INFO: 000000000000000  
[2022-08-30 15:15:49] local.INFO: 000000000000000  
[2022-08-30 15:16:49] local.INFO: 000000000000000  
[2022-08-30 15:17:49] local.INFO: 000000000000000  
[2022-08-30 15:18:49] local.INFO: 000000000000000  
[2022-08-30 15:19:49] local.INFO: 000000000000000  
[2022-08-30 15:20:49] local.INFO: 000000000000000  
[2022-08-30 15:21:49] local.INFO: 000000000000000  
[2022-08-30 15:22:49] local.INFO: 000000000000000  
[2022-08-30 15:23:49] local.INFO: 000000000000000  
[2022-08-30 15:24:49] local.INFO: 000000000000000  
[2022-08-30 15:25:49] local.INFO: 000000000000000  
[2022-08-30 15:26:49] local.INFO: 000000000000000  
[2022-08-30 15:27:49] local.INFO: 000000000000000  
[2022-08-30 15:28:49] local.INFO: 000000000000000  
[2022-08-30 15:29:49] local.INFO: 000000000000000  
[2022-08-30 15:30:49] local.INFO: 000000000000000  
[2022-08-30 15:31:49] local.INFO: 000000000000000  
[2022-08-30 15:32:49] local.INFO: 000000000000000  
[2022-08-30 15:33:49] local.INFO: 000000000000000  
[2022-08-30 15:34:49] local.INFO: 000000000000000  
[2022-08-30 15:35:49] local.INFO: 000000000000000  
[2022-08-30 15:36:49] local.INFO: 000000000000000  
[2022-08-30 15:37:49] local.INFO: 000000000000000  
[2022-08-30 15:38:49] local.INFO: 000000000000000  
[2022-08-30 15:39:49] local.INFO: 000000000000000  
[2022-08-30 15:40:49] local.INFO: 000000000000000  
[2022-08-30 15:41:49] local.INFO: 000000000000000  
[2022-08-30 15:42:49] local.INFO: 000000000000000  
[2022-08-30 15:43:49] local.INFO: 000000000000000  
[2022-08-30 15:44:49] local.INFO: 000000000000000  
[2022-08-30 15:45:49] local.INFO: 000000000000000  
[2022-08-30 15:46:49] local.INFO: 000000000000000  
[2022-08-30 15:47:49] local.INFO: 000000000000000  
[2022-08-30 15:48:49] local.INFO: 000000000000000  
[2022-08-30 15:49:49] local.INFO: 000000000000000  
[2022-08-30 15:50:49] local.INFO: 000000000000000  
[2022-08-30 15:51:49] local.INFO: 000000000000000  
[2022-08-30 15:52:49] local.INFO: 000000000000000  
[2022-08-30 15:53:49] local.INFO: 000000000000000  
[2022-08-30 15:54:49] local.INFO: 000000000000000  
[2022-08-30 15:55:49] local.INFO: 000000000000000  
[2022-08-30 15:56:49] local.INFO: 000000000000000  
[2022-08-30 15:57:49] local.INFO: 000000000000000  
[2022-08-30 15:58:49] local.INFO: 000000000000000  
[2022-08-30 15:59:49] local.INFO: 000000000000000  
[2022-08-30 16:00:49] local.INFO: 000000000000000  
[2022-08-30 16:01:49] local.INFO: 000000000000000  
[2022-08-30 16:02:49] local.INFO: 000000000000000  
[2022-08-30 16:03:49] local.INFO: 000000000000000  
[2022-08-30 16:04:49] local.INFO: 000000000000000  
[2022-08-30 16:05:49] local.INFO: 000000000000000  
[2022-08-30 16:06:49] local.INFO: 000000000000000  
[2022-08-30 16:07:49] local.INFO: 000000000000000  
[2022-08-30 16:08:49] local.INFO: 000000000000000  
[2022-08-30 16:09:49] local.INFO: 000000000000000  
[2022-08-30 16:10:49] local.INFO: 000000000000000  
[2022-08-30 16:11:49] local.INFO: 000000000000000  
[2022-08-30 16:12:49] local.INFO: 000000000000000  
[2022-08-30 16:13:49] local.INFO: 000000000000000  
[2022-08-30 16:14:49] local.INFO: 000000000000000  
[2022-08-30 16:15:49] local.INFO: 000000000000000  
[2022-08-30 16:16:49] local.INFO: 000000000000000  
[2022-08-30 16:17:49] local.INFO: 000000000000000  
[2022-08-30 16:18:49] local.INFO: 000000000000000  
[2022-08-30 16:19:49] local.INFO: 000000000000000  
[2022-08-30 16:20:49] local.INFO: 000000000000000  
[2022-08-30 16:21:49] local.INFO: 000000000000000  
[2022-08-30 16:22:49] local.INFO: 000000000000000  
[2022-08-30 16:23:49] local.INFO: 000000000000000  
[2022-08-30 16:24:49] local.INFO: 000000000000000  
[2022-08-30 16:25:49] local.INFO: 000000000000000  
[2022-08-30 16:26:49] local.INFO: 000000000000000  
[2022-08-30 16:27:49] local.INFO: 000000000000000  
[2022-08-30 16:28:49] local.INFO: 000000000000000  
[2022-08-30 16:29:49] local.INFO: 000000000000000  
[2022-08-30 16:30:49] local.INFO: 000000000000000  
[2022-08-30 16:31:49] local.INFO: 000000000000000  
[2022-08-30 16:32:49] local.INFO: 000000000000000  
[2022-08-30 16:33:49] local.INFO: 000000000000000  
[2022-08-30 16:34:49] local.INFO: 000000000000000  
[2022-08-30 16:35:49] local.INFO: 000000000000000  
[2022-08-30 16:36:49] local.INFO: 000000000000000  
[2022-08-30 16:37:49] local.INFO: 000000000000000  
[2022-08-30 16:38:49] local.INFO: 000000000000000  
[2022-08-30 16:39:49] local.INFO: 000000000000000  
[2022-08-30 16:40:49] local.INFO: 000000000000000  
[2022-08-30 16:41:49] local.INFO: 000000000000000  
[2022-08-30 16:42:49] local.INFO: 000000000000000  
[2022-08-30 16:43:49] local.INFO: 000000000000000  
[2022-08-30 16:44:49] local.INFO: 000000000000000  
[2022-08-30 16:45:49] local.INFO: 000000000000000  
[2022-08-30 16:46:49] local.INFO: 000000000000000  
[2022-08-30 16:47:49] local.INFO: 000000000000000  
[2022-08-30 16:48:49] local.INFO: 000000000000000  
[2022-08-30 16:49:49] local.INFO: 000000000000000  
[2022-08-30 16:50:49] local.INFO: 000000000000000  
[2022-08-30 16:51:49] local.INFO: 000000000000000  
[2022-08-30 16:52:49] local.INFO: 000000000000000  
[2022-08-30 16:53:49] local.INFO: 000000000000000  
[2022-08-30 16:54:49] local.INFO: 000000000000000  
[2022-08-30 16:55:49] local.INFO: 000000000000000  
[2022-08-30 16:56:49] local.INFO: 000000000000000  
[2022-08-30 16:57:49] local.INFO: 000000000000000  
[2022-08-30 16:58:49] local.INFO: 000000000000000  
[2022-08-30 16:59:49] local.INFO: 000000000000000  
[2022-08-30 17:00:49] local.INFO: 000000000000000  
[2022-08-30 17:01:49] local.INFO: 000000000000000  
[2022-08-30 17:02:49] local.INFO: 000000000000000  
[2022-08-30 17:03:49] local.INFO: 000000000000000  
[2022-08-30 17:04:49] local.INFO: 000000000000000  
[2022-08-30 17:05:49] local.INFO: 000000000000000  
[2022-08-30 17:06:49] local.INFO: 000000000000000  
[2022-08-30 17:07:49] local.INFO: 000000000000000  
[2022-08-30 17:08:49] local.INFO: 000000000000000  
[2022-08-30 17:09:49] local.INFO: 000000000000000  
[2022-08-30 17:10:49] local.INFO: 000000000000000  
[2022-08-30 17:11:49] local.INFO: 000000000000000  
[2022-08-30 17:12:49] local.INFO: 000000000000000  
[2022-08-30 17:13:52] local.INFO: 000000000000000  
[2022-08-30 17:14:49] local.INFO: 000000000000000  
[2022-08-30 17:15:49] local.INFO: 000000000000000  
[2022-08-30 17:16:49] local.INFO: 000000000000000  
[2022-08-30 17:17:49] local.INFO: 000000000000000  
[2022-08-30 17:19:12] local.ERROR: cURL error 7: Failed to connect to 198.16.15.100 port 8443: Timed out (see https://curl.haxx.se/libcurl/c/libcurl-errors.html) {"exception":"[object] (GuzzleHttp\\Exception\\ConnectException(code: 0): cURL error 7: Failed to connect to 198.16.15.100 port 8443: Timed out (see https://curl.haxx.se/libcurl/c/libcurl-errors.html) at E:\\workspace\\weight_ningjin\\backend\\vendor\\guzzlehttp\\guzzle\\src\\Handler\\CurlFactory.php:200)
[stacktrace]
#0 E:\\workspace\\weight_ningjin\\backend\\vendor\\guzzlehttp\\guzzle\\src\\Handler\\CurlFactory.php(155): GuzzleHttp\\Handler\\CurlFactory::createRejection(Object(GuzzleHttp\\Handler\\EasyHandle), Array)
#1 E:\\workspace\\weight_ningjin\\backend\\vendor\\guzzlehttp\\guzzle\\src\\Handler\\CurlFactory.php(105): GuzzleHttp\\Handler\\CurlFactory::finishError(Object(GuzzleHttp\\Handler\\CurlHandler), Object(GuzzleHttp\\Handler\\EasyHandle), Object(GuzzleHttp\\Handler\\CurlFactory))
#2 E:\\workspace\\weight_ningjin\\backend\\vendor\\guzzlehttp\\guzzle\\src\\Handler\\CurlHandler.php(43): GuzzleHttp\\Handler\\CurlFactory::finish(Object(GuzzleHttp\\Handler\\CurlHandler), Object(GuzzleHttp\\Handler\\EasyHandle), Object(GuzzleHttp\\Handler\\CurlFactory))
#3 E:\\workspace\\weight_ningjin\\backend\\vendor\\guzzlehttp\\guzzle\\src\\Handler\\Proxy.php(28): GuzzleHttp\\Handler\\CurlHandler->__invoke(Object(GuzzleHttp\\Psr7\\Request), Array)
#4 E:\\workspace\\weight_ningjin\\backend\\vendor\\guzzlehttp\\guzzle\\src\\Handler\\Proxy.php(51): GuzzleHttp\\Handler\\Proxy::GuzzleHttp\\Handler\\{closure}(Object(GuzzleHttp\\Psr7\\Request), Array)
#5 E:\\workspace\\weight_ningjin\\backend\\vendor\\guzzlehttp\\guzzle\\src\\PrepareBodyMiddleware.php(66): GuzzleHttp\\Handler\\Proxy::GuzzleHttp\\Handler\\{closure}(Object(GuzzleHttp\\Psr7\\Request), Array)
#6 E:\\workspace\\weight_ningjin\\backend\\vendor\\guzzlehttp\\guzzle\\src\\Middleware.php(29): GuzzleHttp\\PrepareBodyMiddleware->__invoke(Object(GuzzleHttp\\Psr7\\Request), Array)
#7 E:\\workspace\\weight_ningjin\\backend\\vendor\\guzzlehttp\\guzzle\\src\\RedirectMiddleware.php(70): GuzzleHttp\\Middleware::GuzzleHttp\\{closure}(Object(GuzzleHttp\\Psr7\\Request), Array)
#8 E:\\workspace\\weight_ningjin\\backend\\vendor\\guzzlehttp\\guzzle\\src\\Middleware.php(59): GuzzleHttp\\RedirectMiddleware->__invoke(Object(GuzzleHttp\\Psr7\\Request), Array)
#9 E:\\workspace\\weight_ningjin\\backend\\vendor\\guzzlehttp\\guzzle\\src\\HandlerStack.php(71): GuzzleHttp\\Middleware::GuzzleHttp\\{closure}(Object(GuzzleHttp\\Psr7\\Request), Array)
#10 E:\\workspace\\weight_ningjin\\backend\\vendor\\guzzlehttp\\guzzle\\src\\Client.php(351): GuzzleHttp\\HandlerStack->__invoke(Object(GuzzleHttp\\Psr7\\Request), Array)
#11 E:\\workspace\\weight_ningjin\\backend\\vendor\\guzzlehttp\\guzzle\\src\\Client.php(162): GuzzleHttp\\Client->transfer(Object(GuzzleHttp\\Psr7\\Request), Array)
#12 E:\\workspace\\weight_ningjin\\backend\\vendor\\guzzlehttp\\guzzle\\src\\Client.php(182): GuzzleHttp\\Client->requestAsync('POST', Object(GuzzleHttp\\Psr7\\Uri), Array)
#13 E:\\workspace\\weight_ningjin\\backend\\app\\Services\\UtilService.php(118): GuzzleHttp\\Client->request('POST', '/uaa/oauth/toke...', Array)
#14 E:\\workspace\\weight_ningjin\\backend\\vendor\\laravel\\framework\\src\\Illuminate\\Support\\Facades\\Facade.php(261): App\\Services\\UtilService->client_post('https://198.16....', '/uaa/oauth/toke...', Array)
#15 E:\\workspace\\weight_ningjin\\backend\\app\\Services\\HistorianService.php(48): Illuminate\\Support\\Facades\\Facade::__callStatic('client_post', Array)
#16 E:\\workspace\\weight_ningjin\\backend\\app\\Services\\HistorianService.php(172): App\\Services\\HistorianService->token()
#17 E:\\workspace\\weight_ningjin\\backend\\vendor\\laravel\\framework\\src\\Illuminate\\Support\\Facades\\Facade.php(261): App\\Services\\HistorianService->currentData('HIST.Applicatio...')
#18 E:\\workspace\\weight_ningjin\\backend\\app\\Console\\Commands\\UdpClient.php(76): Illuminate\\Support\\Facades\\Facade::__callStatic('currentData', Array)
#19 E:\\workspace\\weight_ningjin\\backend\\app\\Console\\Commands\\UdpClient.php(43): App\\Console\\Commands\\UdpClient->getAndSendData()
#20 E:\\workspace\\weight_ningjin\\backend\\vendor\\laravel\\framework\\src\\Illuminate\\Container\\BoundMethod.php(36): App\\Console\\Commands\\UdpClient->handle()
#21 E:\\workspace\\weight_ningjin\\backend\\vendor\\laravel\\framework\\src\\Illuminate\\Container\\Util.php(37): Illuminate\\Container\\BoundMethod::Illuminate\\Container\\{closure}()
#22 E:\\workspace\\weight_ningjin\\backend\\vendor\\laravel\\framework\\src\\Illuminate\\Container\\BoundMethod.php(93): Illuminate\\Container\\Util::unwrapIfClosure(Object(Closure))
#23 E:\\workspace\\weight_ningjin\\backend\\vendor\\laravel\\framework\\src\\Illuminate\\Container\\BoundMethod.php(37): Illuminate\\Container\\BoundMethod::callBoundMethod(Object(Illuminate\\Foundation\\Application), Array, Object(Closure))
#24 E:\\workspace\\weight_ningjin\\backend\\vendor\\laravel\\framework\\src\\Illuminate\\Container\\Container.php(596): Illuminate\\Container\\BoundMethod::call(Object(Illuminate\\Foundation\\Application), Array, Array, NULL)
#25 E:\\workspace\\weight_ningjin\\backend\\vendor\\laravel\\framework\\src\\Illuminate\\Console\\Command.php(134): Illuminate\\Container\\Container->call(Array)
#26 E:\\workspace\\weight_ningjin\\backend\\vendor\\symfony\\console\\Command\\Command.php(298): Illuminate\\Console\\Command->execute(Object(Symfony\\Component\\Console\\Input\\ArgvInput), Object(Illuminate\\Console\\OutputStyle))
#27 E:\\workspace\\weight_ningjin\\backend\\vendor\\laravel\\framework\\src\\Illuminate\\Console\\Command.php(121): Symfony\\Component\\Console\\Command\\Command->run(Object(Symfony\\Component\\Console\\Input\\ArgvInput), Object(Illuminate\\Console\\OutputStyle))
#28 E:\\workspace\\weight_ningjin\\backend\\vendor\\symfony\\console\\Application.php(1024): Illuminate\\Console\\Command->run(Object(Symfony\\Component\\Console\\Input\\ArgvInput), Object(Symfony\\Component\\Console\\Output\\ConsoleOutput))
#29 E:\\workspace\\weight_ningjin\\backend\\vendor\\symfony\\console\\Application.php(299): Symfony\\Component\\Console\\Application->doRunCommand(Object(App\\Console\\Commands\\UdpClient), Object(Symfony\\Component\\Console\\Input\\ArgvInput), Object(Symfony\\Component\\Console\\Output\\ConsoleOutput))
#30 E:\\workspace\\weight_ningjin\\backend\\vendor\\symfony\\console\\Application.php(171): Symfony\\Component\\Console\\Application->doRun(Object(Symfony\\Component\\Console\\Input\\ArgvInput), Object(Symfony\\Component\\Console\\Output\\ConsoleOutput))
#31 E:\\workspace\\weight_ningjin\\backend\\vendor\\laravel\\framework\\src\\Illuminate\\Console\\Application.php(93): Symfony\\Component\\Console\\Application->run(Object(Symfony\\Component\\Console\\Input\\ArgvInput), Object(Symfony\\Component\\Console\\Output\\ConsoleOutput))
#32 E:\\workspace\\weight_ningjin\\backend\\vendor\\laravel\\framework\\src\\Illuminate\\Foundation\\Console\\Kernel.php(129): Illuminate\\Console\\Application->run(Object(Symfony\\Component\\Console\\Input\\ArgvInput), Object(Symfony\\Component\\Console\\Output\\ConsoleOutput))
#33 E:\\workspace\\weight_ningjin\\backend\\artisan(37): Illuminate\\Foundation\\Console\\Kernel->handle(Object(Symfony\\Component\\Console\\Input\\ArgvInput), Object(Symfony\\Component\\Console\\Output\\ConsoleOutput))
#34 {main}
"} 
