[2022-07-21 14:11:55] laravel.EMERGENCY: Unable to create configured logger. Using emergency logger. {"exception":"[object] (InvalidArgumentException(code: 0): Log [] is not defined. at E:\\workspace\\wmmis\\wmmis_data_center\\backend\\vendor\\laravel\\framework\\src\\Illuminate\\Log\\LogManager.php:192)
[stacktrace]
#0 E:\\workspace\\wmmis\\wmmis_data_center\\backend\\vendor\\laravel\\framework\\src\\Illuminate\\Log\\LogManager.php(118): Illuminate\\Log\\LogManager->resolve(NULL)
#1 E:\\workspace\\wmmis\\wmmis_data_center\\backend\\vendor\\laravel\\framework\\src\\Illuminate\\Log\\LogManager.php(98): Illuminate\\Log\\LogManager->get(NULL)
#2 E:\\workspace\\wmmis\\wmmis_data_center\\backend\\vendor\\laravel\\framework\\src\\Illuminate\\Log\\LogManager.php(547): Illuminate\\Log\\LogManager->driver()
#3 E:\\workspace\\wmmis\\wmmis_data_center\\backend\\vendor\\laravel\\framework\\src\\Illuminate\\Foundation\\Exceptions\\Handler.php(122): Illuminate\\Log\\LogManager->error('syntax error, u...', Array)
#4 E:\\workspace\\wmmis\\wmmis_data_center\\backend\\app\\Exceptions\\Handler.php(66): Illuminate\\Foundation\\Exceptions\\Handler->report(Object(ParseError))
#5 E:\\workspace\\wmmis\\wmmis_data_center\\backend\\vendor\\laravel\\framework\\src\\Illuminate\\Foundation\\Console\\Kernel.php(366): App\\Exceptions\\Handler->report(Object(ParseError))
#6 E:\\workspace\\wmmis\\wmmis_data_center\\backend\\vendor\\laravel\\framework\\src\\Illuminate\\Foundation\\Console\\Kernel.php(131): Illuminate\\Foundation\\Console\\Kernel->reportException(Object(ParseError))
#7 E:\\workspace\\wmmis\\wmmis_data_center\\backend\\artisan(37): Illuminate\\Foundation\\Console\\Kernel->handle(Object(Symfony\\Component\\Console\\Input\\ArgvInput), Object(Symfony\\Component\\Console\\Output\\ConsoleOutput))
#8 {main}
"} 
[2022-07-21 14:11:55] laravel.ERROR: syntax error, unexpected end of file, expecting ';' {"exception":"[object] (ParseError(code: 0): syntax error, unexpected end of file, expecting ';' at E:\\workspace\\wmmis\\wmmis_data_center\\backend\\config\\iec104.php:38)
[stacktrace]
#0 E:\\workspace\\wmmis\\wmmis_data_center\\backend\\vendor\\laravel\\framework\\src\\Illuminate\\Foundation\\Bootstrap\\LoadConfiguration.php(39): Illuminate\\Foundation\\Bootstrap\\LoadConfiguration->loadConfigurationFiles(Object(Illuminate\\Foundation\\Application), Object(Illuminate\\Config\\Repository))
#1 E:\\workspace\\wmmis\\wmmis_data_center\\backend\\vendor\\laravel\\framework\\src\\Illuminate\\Foundation\\Application.php(230): Illuminate\\Foundation\\Bootstrap\\LoadConfiguration->bootstrap(Object(Illuminate\\Foundation\\Application))
#2 E:\\workspace\\wmmis\\wmmis_data_center\\backend\\vendor\\laravel\\framework\\src\\Illuminate\\Foundation\\Console\\Kernel.php(310): Illuminate\\Foundation\\Application->bootstrapWith(Array)
#3 E:\\workspace\\wmmis\\wmmis_data_center\\backend\\vendor\\laravel\\framework\\src\\Illuminate\\Foundation\\Console\\Kernel.php(127): Illuminate\\Foundation\\Console\\Kernel->bootstrap()
#4 E:\\workspace\\wmmis\\wmmis_data_center\\backend\\artisan(37): Illuminate\\Foundation\\Console\\Kernel->handle(Object(Symfony\\Component\\Console\\Input\\ArgvInput), Object(Symfony\\Component\\Console\\Output\\ConsoleOutput))
#5 {main}
"} 
[2022-07-21 14:13:10] laravel.EMERGENCY: Unable to create configured logger. Using emergency logger. {"exception":"[object] (InvalidArgumentException(code: 0): Log [] is not defined. at E:\\workspace\\wmmis\\wmmis_data_center\\backend\\vendor\\laravel\\framework\\src\\Illuminate\\Log\\LogManager.php:192)
[stacktrace]
#0 E:\\workspace\\wmmis\\wmmis_data_center\\backend\\vendor\\laravel\\framework\\src\\Illuminate\\Log\\LogManager.php(118): Illuminate\\Log\\LogManager->resolve(NULL)
#1 E:\\workspace\\wmmis\\wmmis_data_center\\backend\\vendor\\laravel\\framework\\src\\Illuminate\\Log\\LogManager.php(98): Illuminate\\Log\\LogManager->get(NULL)
#2 E:\\workspace\\wmmis\\wmmis_data_center\\backend\\vendor\\laravel\\framework\\src\\Illuminate\\Log\\LogManager.php(547): Illuminate\\Log\\LogManager->driver()
#3 E:\\workspace\\wmmis\\wmmis_data_center\\backend\\vendor\\laravel\\framework\\src\\Illuminate\\Foundation\\Exceptions\\Handler.php(122): Illuminate\\Log\\LogManager->error('syntax error, u...', Array)
#4 E:\\workspace\\wmmis\\wmmis_data_center\\backend\\app\\Exceptions\\Handler.php(66): Illuminate\\Foundation\\Exceptions\\Handler->report(Object(ParseError))
#5 E:\\workspace\\wmmis\\wmmis_data_center\\backend\\vendor\\laravel\\framework\\src\\Illuminate\\Foundation\\Console\\Kernel.php(366): App\\Exceptions\\Handler->report(Object(ParseError))
#6 E:\\workspace\\wmmis\\wmmis_data_center\\backend\\vendor\\laravel\\framework\\src\\Illuminate\\Foundation\\Console\\Kernel.php(131): Illuminate\\Foundation\\Console\\Kernel->reportException(Object(ParseError))
#7 E:\\workspace\\wmmis\\wmmis_data_center\\backend\\artisan(37): Illuminate\\Foundation\\Console\\Kernel->handle(Object(Symfony\\Component\\Console\\Input\\ArgvInput), Object(Symfony\\Component\\Console\\Output\\ConsoleOutput))
#8 {main}
"} 
[2022-07-21 14:13:10] laravel.ERROR: syntax error, unexpected end of file, expecting ';' {"exception":"[object] (ParseError(code: 0): syntax error, unexpected end of file, expecting ';' at E:\\workspace\\wmmis\\wmmis_data_center\\backend\\config\\iec104.php:38)
[stacktrace]
#0 E:\\workspace\\wmmis\\wmmis_data_center\\backend\\vendor\\laravel\\framework\\src\\Illuminate\\Foundation\\Bootstrap\\LoadConfiguration.php(39): Illuminate\\Foundation\\Bootstrap\\LoadConfiguration->loadConfigurationFiles(Object(Illuminate\\Foundation\\Application), Object(Illuminate\\Config\\Repository))
#1 E:\\workspace\\wmmis\\wmmis_data_center\\backend\\vendor\\laravel\\framework\\src\\Illuminate\\Foundation\\Application.php(230): Illuminate\\Foundation\\Bootstrap\\LoadConfiguration->bootstrap(Object(Illuminate\\Foundation\\Application))
#2 E:\\workspace\\wmmis\\wmmis_data_center\\backend\\vendor\\laravel\\framework\\src\\Illuminate\\Foundation\\Console\\Kernel.php(310): Illuminate\\Foundation\\Application->bootstrapWith(Array)
#3 E:\\workspace\\wmmis\\wmmis_data_center\\backend\\vendor\\laravel\\framework\\src\\Illuminate\\Foundation\\Console\\Kernel.php(127): Illuminate\\Foundation\\Console\\Kernel->bootstrap()
#4 E:\\workspace\\wmmis\\wmmis_data_center\\backend\\artisan(37): Illuminate\\Foundation\\Console\\Kernel->handle(Object(Symfony\\Component\\Console\\Input\\ArgvInput), Object(Symfony\\Component\\Console\\Output\\ConsoleOutput))
#5 {main}
"} 
[2022-07-21 14:13:44] laravel.EMERGENCY: Unable to create configured logger. Using emergency logger. {"exception":"[object] (InvalidArgumentException(code: 0): Log [] is not defined. at E:\\workspace\\wmmis\\wmmis_data_center\\backend\\vendor\\laravel\\framework\\src\\Illuminate\\Log\\LogManager.php:192)
[stacktrace]
#0 E:\\workspace\\wmmis\\wmmis_data_center\\backend\\vendor\\laravel\\framework\\src\\Illuminate\\Log\\LogManager.php(118): Illuminate\\Log\\LogManager->resolve(NULL)
#1 E:\\workspace\\wmmis\\wmmis_data_center\\backend\\vendor\\laravel\\framework\\src\\Illuminate\\Log\\LogManager.php(98): Illuminate\\Log\\LogManager->get(NULL)
#2 E:\\workspace\\wmmis\\wmmis_data_center\\backend\\vendor\\laravel\\framework\\src\\Illuminate\\Log\\LogManager.php(547): Illuminate\\Log\\LogManager->driver()
#3 E:\\workspace\\wmmis\\wmmis_data_center\\backend\\vendor\\laravel\\framework\\src\\Illuminate\\Foundation\\Exceptions\\Handler.php(122): Illuminate\\Log\\LogManager->error('syntax error, u...', Array)
#4 E:\\workspace\\wmmis\\wmmis_data_center\\backend\\app\\Exceptions\\Handler.php(66): Illuminate\\Foundation\\Exceptions\\Handler->report(Object(ParseError))
#5 E:\\workspace\\wmmis\\wmmis_data_center\\backend\\vendor\\laravel\\framework\\src\\Illuminate\\Foundation\\Console\\Kernel.php(366): App\\Exceptions\\Handler->report(Object(ParseError))
#6 E:\\workspace\\wmmis\\wmmis_data_center\\backend\\vendor\\laravel\\framework\\src\\Illuminate\\Foundation\\Console\\Kernel.php(131): Illuminate\\Foundation\\Console\\Kernel->reportException(Object(ParseError))
#7 E:\\workspace\\wmmis\\wmmis_data_center\\backend\\artisan(37): Illuminate\\Foundation\\Console\\Kernel->handle(Object(Symfony\\Component\\Console\\Input\\ArgvInput), Object(Symfony\\Component\\Console\\Output\\ConsoleOutput))
#8 {main}
"} 
[2022-07-21 14:13:44] laravel.ERROR: syntax error, unexpected end of file, expecting ';' {"exception":"[object] (ParseError(code: 0): syntax error, unexpected end of file, expecting ';' at E:\\workspace\\wmmis\\wmmis_data_center\\backend\\config\\iec104.php:38)
[stacktrace]
#0 E:\\workspace\\wmmis\\wmmis_data_center\\backend\\vendor\\laravel\\framework\\src\\Illuminate\\Foundation\\Bootstrap\\LoadConfiguration.php(39): Illuminate\\Foundation\\Bootstrap\\LoadConfiguration->loadConfigurationFiles(Object(Illuminate\\Foundation\\Application), Object(Illuminate\\Config\\Repository))
#1 E:\\workspace\\wmmis\\wmmis_data_center\\backend\\vendor\\laravel\\framework\\src\\Illuminate\\Foundation\\Application.php(230): Illuminate\\Foundation\\Bootstrap\\LoadConfiguration->bootstrap(Object(Illuminate\\Foundation\\Application))
#2 E:\\workspace\\wmmis\\wmmis_data_center\\backend\\vendor\\laravel\\framework\\src\\Illuminate\\Foundation\\Console\\Kernel.php(310): Illuminate\\Foundation\\Application->bootstrapWith(Array)
#3 E:\\workspace\\wmmis\\wmmis_data_center\\backend\\vendor\\laravel\\framework\\src\\Illuminate\\Foundation\\Console\\Kernel.php(127): Illuminate\\Foundation\\Console\\Kernel->bootstrap()
#4 E:\\workspace\\wmmis\\wmmis_data_center\\backend\\artisan(37): Illuminate\\Foundation\\Console\\Kernel->handle(Object(Symfony\\Component\\Console\\Input\\ArgvInput), Object(Symfony\\Component\\Console\\Output\\ConsoleOutput))
#5 {main}
"} 
[2022-07-21 14:14:06] laravel.EMERGENCY: Unable to create configured logger. Using emergency logger. {"exception":"[object] (InvalidArgumentException(code: 0): Log [] is not defined. at E:\\workspace\\wmmis\\wmmis_data_center\\backend\\vendor\\laravel\\framework\\src\\Illuminate\\Log\\LogManager.php:192)
[stacktrace]
#0 E:\\workspace\\wmmis\\wmmis_data_center\\backend\\vendor\\laravel\\framework\\src\\Illuminate\\Log\\LogManager.php(118): Illuminate\\Log\\LogManager->resolve(NULL)
#1 E:\\workspace\\wmmis\\wmmis_data_center\\backend\\vendor\\laravel\\framework\\src\\Illuminate\\Log\\LogManager.php(98): Illuminate\\Log\\LogManager->get(NULL)
#2 E:\\workspace\\wmmis\\wmmis_data_center\\backend\\vendor\\laravel\\framework\\src\\Illuminate\\Log\\LogManager.php(547): Illuminate\\Log\\LogManager->driver()
#3 E:\\workspace\\wmmis\\wmmis_data_center\\backend\\vendor\\laravel\\framework\\src\\Illuminate\\Foundation\\Exceptions\\Handler.php(122): Illuminate\\Log\\LogManager->error('syntax error, u...', Array)
#4 E:\\workspace\\wmmis\\wmmis_data_center\\backend\\app\\Exceptions\\Handler.php(66): Illuminate\\Foundation\\Exceptions\\Handler->report(Object(ParseError))
#5 E:\\workspace\\wmmis\\wmmis_data_center\\backend\\vendor\\laravel\\framework\\src\\Illuminate\\Foundation\\Console\\Kernel.php(366): App\\Exceptions\\Handler->report(Object(ParseError))
#6 E:\\workspace\\wmmis\\wmmis_data_center\\backend\\vendor\\laravel\\framework\\src\\Illuminate\\Foundation\\Console\\Kernel.php(131): Illuminate\\Foundation\\Console\\Kernel->reportException(Object(ParseError))
#7 E:\\workspace\\wmmis\\wmmis_data_center\\backend\\artisan(37): Illuminate\\Foundation\\Console\\Kernel->handle(Object(Symfony\\Component\\Console\\Input\\ArgvInput), Object(Symfony\\Component\\Console\\Output\\ConsoleOutput))
#8 {main}
"} 
[2022-07-21 14:14:06] laravel.ERROR: syntax error, unexpected end of file, expecting ';' {"exception":"[object] (ParseError(code: 0): syntax error, unexpected end of file, expecting ';' at E:\\workspace\\wmmis\\wmmis_data_center\\backend\\config\\iec104.php:38)
[stacktrace]
#0 E:\\workspace\\wmmis\\wmmis_data_center\\backend\\vendor\\laravel\\framework\\src\\Illuminate\\Foundation\\Bootstrap\\LoadConfiguration.php(39): Illuminate\\Foundation\\Bootstrap\\LoadConfiguration->loadConfigurationFiles(Object(Illuminate\\Foundation\\Application), Object(Illuminate\\Config\\Repository))
#1 E:\\workspace\\wmmis\\wmmis_data_center\\backend\\vendor\\laravel\\framework\\src\\Illuminate\\Foundation\\Application.php(230): Illuminate\\Foundation\\Bootstrap\\LoadConfiguration->bootstrap(Object(Illuminate\\Foundation\\Application))
#2 E:\\workspace\\wmmis\\wmmis_data_center\\backend\\vendor\\laravel\\framework\\src\\Illuminate\\Foundation\\Console\\Kernel.php(310): Illuminate\\Foundation\\Application->bootstrapWith(Array)
#3 E:\\workspace\\wmmis\\wmmis_data_center\\backend\\vendor\\laravel\\framework\\src\\Illuminate\\Foundation\\Console\\Kernel.php(127): Illuminate\\Foundation\\Console\\Kernel->bootstrap()
#4 E:\\workspace\\wmmis\\wmmis_data_center\\backend\\artisan(37): Illuminate\\Foundation\\Console\\Kernel->handle(Object(Symfony\\Component\\Console\\Input\\ArgvInput), Object(Symfony\\Component\\Console\\Output\\ConsoleOutput))
#5 {main}
"} 
[2022-07-21 14:15:10] laravel.EMERGENCY: Unable to create configured logger. Using emergency logger. {"exception":"[object] (InvalidArgumentException(code: 0): Log [] is not defined. at E:\\workspace\\wmmis\\wmmis_data_center\\backend\\vendor\\laravel\\framework\\src\\Illuminate\\Log\\LogManager.php:192)
[stacktrace]
#0 E:\\workspace\\wmmis\\wmmis_data_center\\backend\\vendor\\laravel\\framework\\src\\Illuminate\\Log\\LogManager.php(118): Illuminate\\Log\\LogManager->resolve(NULL)
#1 E:\\workspace\\wmmis\\wmmis_data_center\\backend\\vendor\\laravel\\framework\\src\\Illuminate\\Log\\LogManager.php(98): Illuminate\\Log\\LogManager->get(NULL)
#2 E:\\workspace\\wmmis\\wmmis_data_center\\backend\\vendor\\laravel\\framework\\src\\Illuminate\\Log\\LogManager.php(547): Illuminate\\Log\\LogManager->driver()
#3 E:\\workspace\\wmmis\\wmmis_data_center\\backend\\vendor\\laravel\\framework\\src\\Illuminate\\Foundation\\Exceptions\\Handler.php(122): Illuminate\\Log\\LogManager->error('syntax error, u...', Array)
#4 E:\\workspace\\wmmis\\wmmis_data_center\\backend\\app\\Exceptions\\Handler.php(66): Illuminate\\Foundation\\Exceptions\\Handler->report(Object(ParseError))
#5 E:\\workspace\\wmmis\\wmmis_data_center\\backend\\vendor\\laravel\\framework\\src\\Illuminate\\Foundation\\Console\\Kernel.php(366): App\\Exceptions\\Handler->report(Object(ParseError))
#6 E:\\workspace\\wmmis\\wmmis_data_center\\backend\\vendor\\laravel\\framework\\src\\Illuminate\\Foundation\\Console\\Kernel.php(131): Illuminate\\Foundation\\Console\\Kernel->reportException(Object(ParseError))
#7 E:\\workspace\\wmmis\\wmmis_data_center\\backend\\artisan(37): Illuminate\\Foundation\\Console\\Kernel->handle(Object(Symfony\\Component\\Console\\Input\\ArgvInput), Object(Symfony\\Component\\Console\\Output\\ConsoleOutput))
#8 {main}
"} 
[2022-07-21 14:15:10] laravel.ERROR: syntax error, unexpected end of file, expecting ';' {"exception":"[object] (ParseError(code: 0): syntax error, unexpected end of file, expecting ';' at E:\\workspace\\wmmis\\wmmis_data_center\\backend\\config\\iec104.php:38)
[stacktrace]
#0 E:\\workspace\\wmmis\\wmmis_data_center\\backend\\vendor\\laravel\\framework\\src\\Illuminate\\Foundation\\Bootstrap\\LoadConfiguration.php(39): Illuminate\\Foundation\\Bootstrap\\LoadConfiguration->loadConfigurationFiles(Object(Illuminate\\Foundation\\Application), Object(Illuminate\\Config\\Repository))
#1 E:\\workspace\\wmmis\\wmmis_data_center\\backend\\vendor\\laravel\\framework\\src\\Illuminate\\Foundation\\Application.php(230): Illuminate\\Foundation\\Bootstrap\\LoadConfiguration->bootstrap(Object(Illuminate\\Foundation\\Application))
#2 E:\\workspace\\wmmis\\wmmis_data_center\\backend\\vendor\\laravel\\framework\\src\\Illuminate\\Foundation\\Console\\Kernel.php(310): Illuminate\\Foundation\\Application->bootstrapWith(Array)
#3 E:\\workspace\\wmmis\\wmmis_data_center\\backend\\vendor\\laravel\\framework\\src\\Illuminate\\Foundation\\Console\\Kernel.php(127): Illuminate\\Foundation\\Console\\Kernel->bootstrap()
#4 E:\\workspace\\wmmis\\wmmis_data_center\\backend\\artisan(37): Illuminate\\Foundation\\Console\\Kernel->handle(Object(Symfony\\Component\\Console\\Input\\ArgvInput), Object(Symfony\\Component\\Console\\Output\\ConsoleOutput))
#5 {main}
"} 
