[2022-08-24 17:32:00] local.ERROR: Maximum execution time of 300 seconds exceeded {"exception":"[object] (Symfony\\Component\\ErrorHandler\\Error\\FatalError(code: 0): Maximum execution time of 300 seconds exceeded at E:\\workspace\\weight_ningjin\\backend\\vendor\\guzzlehttp\\guzzle\\src\\Handler\\CurlHandler.php:41)
[stacktrace]
#0 {main}
"} 
[2022-08-24 17:32:01] local.ERROR: cURL error 56: OpenSSL SSL_read: SSL_ERROR_SYSCALL, errno 10054 (see https://curl.haxx.se/libcurl/c/libcurl-errors.html) {"exception":"[object] (GuzzleHttp\\Exception\\RequestException(code: 0): cURL error 56: OpenSSL SSL_read: SSL_ERROR_SYSCALL, errno 10054 (see https://curl.haxx.se/libcurl/c/libcurl-errors.html) at E:\\workspace\\weight_ningjin\\backend\\vendor\\guzzlehttp\\guzzle\\src\\Handler\\CurlFactory.php:201)
[stacktrace]
#0 E:\\workspace\\weight_ningjin\\backend\\vendor\\guzzlehttp\\guzzle\\src\\Handler\\CurlFactory.php(155): GuzzleHttp\\Handler\\CurlFactory::createRejection(Object(GuzzleHttp\\Handler\\EasyHandle), Array)
#1 E:\\workspace\\weight_ningjin\\backend\\vendor\\guzzlehttp\\guzzle\\src\\Handler\\CurlFactory.php(105): GuzzleHttp\\Handler\\CurlFactory::finishError(Object(GuzzleHttp\\Handler\\CurlHandler), Object(GuzzleHttp\\Handler\\EasyHandle), Object(GuzzleHttp\\Handler\\CurlFactory))
#2 E:\\workspace\\weight_ningjin\\backend\\vendor\\guzzlehttp\\guzzle\\src\\Handler\\CurlHandler.php(43): GuzzleHttp\\Handler\\CurlFactory::finish(Object(GuzzleHttp\\Handler\\CurlHandler), Object(GuzzleHttp\\Handler\\EasyHandle), Object(GuzzleHttp\\Handler\\CurlFactory))
#3 E:\\workspace\\weight_ningjin\\backend\\vendor\\guzzlehttp\\guzzle\\src\\Handler\\Proxy.php(28): GuzzleHttp\\Handler\\CurlHandler->__invoke(Object(GuzzleHttp\\Psr7\\Request), Array)
#4 E:\\workspace\\weight_ningjin\\backend\\vendor\\guzzlehttp\\guzzle\\src\\Handler\\Proxy.php(51): GuzzleHttp\\Handler\\Proxy::GuzzleHttp\\Handler\\{closure}(Object(GuzzleHttp\\Psr7\\Request), Array)
#5 E:\\workspace\\weight_ningjin\\backend\\vendor\\guzzlehttp\\guzzle\\src\\PrepareBodyMiddleware.php(66): GuzzleHttp\\Handler\\Proxy::GuzzleHttp\\Handler\\{closure}(Object(GuzzleHttp\\Psr7\\Request), Array)
#6 E:\\workspace\\weight_ningjin\\backend\\vendor\\guzzlehttp\\guzzle\\src\\Middleware.php(29): GuzzleHttp\\PrepareBodyMiddleware->__invoke(Object(GuzzleHttp\\Psr7\\Request), Array)
#7 E:\\workspace\\weight_ningjin\\backend\\vendor\\guzzlehttp\\guzzle\\src\\RedirectMiddleware.php(70): GuzzleHttp\\Middleware::GuzzleHttp\\{closure}(Object(GuzzleHttp\\Psr7\\Request), Array)
#8 E:\\workspace\\weight_ningjin\\backend\\vendor\\guzzlehttp\\guzzle\\src\\Middleware.php(59): GuzzleHttp\\RedirectMiddleware->__invoke(Object(GuzzleHttp\\Psr7\\Request), Array)
#9 E:\\workspace\\weight_ningjin\\backend\\vendor\\guzzlehttp\\guzzle\\src\\HandlerStack.php(71): GuzzleHttp\\Middleware::GuzzleHttp\\{closure}(Object(GuzzleHttp\\Psr7\\Request), Array)
#10 E:\\workspace\\weight_ningjin\\backend\\vendor\\guzzlehttp\\guzzle\\src\\Client.php(351): GuzzleHttp\\HandlerStack->__invoke(Object(GuzzleHttp\\Psr7\\Request), Array)
#11 E:\\workspace\\weight_ningjin\\backend\\vendor\\guzzlehttp\\guzzle\\src\\Client.php(162): GuzzleHttp\\Client->transfer(Object(GuzzleHttp\\Psr7\\Request), Array)
#12 E:\\workspace\\weight_ningjin\\backend\\vendor\\guzzlehttp\\guzzle\\src\\Client.php(182): GuzzleHttp\\Client->requestAsync('POST', Object(GuzzleHttp\\Psr7\\Uri), Array)
#13 E:\\workspace\\weight_ningjin\\backend\\app\\Services\\UtilService.php(118): GuzzleHttp\\Client->request('POST', '/historian-rest...', Array)
#14 E:\\workspace\\weight_ningjin\\backend\\vendor\\laravel\\framework\\src\\Illuminate\\Support\\Facades\\Facade.php(261): App\\Services\\UtilService->client_post('https://198.16....', '/historian-rest...', Array)
#15 E:\\workspace\\weight_ningjin\\backend\\app\\Services\\HistorianService.php(187): Illuminate\\Support\\Facades\\Facade::__callStatic('client_post', Array)
#16 E:\\workspace\\weight_ningjin\\backend\\vendor\\laravel\\framework\\src\\Illuminate\\Support\\Facades\\Facade.php(261): App\\Services\\HistorianService->currentData('HIST.Applicatio...')
#17 E:\\workspace\\weight_ningjin\\backend\\app\\Jobs\\UdpClientJob.php(85): Illuminate\\Support\\Facades\\Facade::__callStatic('currentData', Array)
#18 E:\\workspace\\weight_ningjin\\backend\\app\\Jobs\\UdpClientJob.php(35): App\\Jobs\\UdpClientJob->getData()
#19 E:\\workspace\\weight_ningjin\\backend\\vendor\\laravel\\framework\\src\\Illuminate\\Container\\BoundMethod.php(36): App\\Jobs\\UdpClientJob->handle()
#20 E:\\workspace\\weight_ningjin\\backend\\vendor\\laravel\\framework\\src\\Illuminate\\Container\\Util.php(37): Illuminate\\Container\\BoundMethod::Illuminate\\Container\\{closure}()
#21 E:\\workspace\\weight_ningjin\\backend\\vendor\\laravel\\framework\\src\\Illuminate\\Container\\BoundMethod.php(93): Illuminate\\Container\\Util::unwrapIfClosure(Object(Closure))
#22 E:\\workspace\\weight_ningjin\\backend\\vendor\\laravel\\framework\\src\\Illuminate\\Container\\BoundMethod.php(37): Illuminate\\Container\\BoundMethod::callBoundMethod(Object(Illuminate\\Foundation\\Application), Array, Object(Closure))
#23 E:\\workspace\\weight_ningjin\\backend\\vendor\\laravel\\framework\\src\\Illuminate\\Container\\Container.php(596): Illuminate\\Container\\BoundMethod::call(Object(Illuminate\\Foundation\\Application), Array, Array, NULL)
#24 E:\\workspace\\weight_ningjin\\backend\\vendor\\laravel\\framework\\src\\Illuminate\\Bus\\Dispatcher.php(94): Illuminate\\Container\\Container->call(Array)
#25 E:\\workspace\\weight_ningjin\\backend\\vendor\\laravel\\framework\\src\\Illuminate\\Pipeline\\Pipeline.php(128): Illuminate\\Bus\\Dispatcher->Illuminate\\Bus\\{closure}(Object(App\\Jobs\\UdpClientJob))
#26 E:\\workspace\\weight_ningjin\\backend\\vendor\\laravel\\framework\\src\\Illuminate\\Pipeline\\Pipeline.php(103): Illuminate\\Pipeline\\Pipeline->Illuminate\\Pipeline\\{closure}(Object(App\\Jobs\\UdpClientJob))
#27 E:\\workspace\\weight_ningjin\\backend\\vendor\\laravel\\framework\\src\\Illuminate\\Bus\\Dispatcher.php(98): Illuminate\\Pipeline\\Pipeline->then(Object(Closure))
#28 E:\\workspace\\weight_ningjin\\backend\\vendor\\laravel\\framework\\src\\Illuminate\\Queue\\CallQueuedHandler.php(83): Illuminate\\Bus\\Dispatcher->dispatchNow(Object(App\\Jobs\\UdpClientJob), false)
#29 E:\\workspace\\weight_ningjin\\backend\\vendor\\laravel\\framework\\src\\Illuminate\\Pipeline\\Pipeline.php(128): Illuminate\\Queue\\CallQueuedHandler->Illuminate\\Queue\\{closure}(Object(App\\Jobs\\UdpClientJob))
#30 E:\\workspace\\weight_ningjin\\backend\\vendor\\laravel\\framework\\src\\Illuminate\\Pipeline\\Pipeline.php(103): Illuminate\\Pipeline\\Pipeline->Illuminate\\Pipeline\\{closure}(Object(App\\Jobs\\UdpClientJob))
#31 E:\\workspace\\weight_ningjin\\backend\\vendor\\laravel\\framework\\src\\Illuminate\\Queue\\CallQueuedHandler.php(85): Illuminate\\Pipeline\\Pipeline->then(Object(Closure))
#32 E:\\workspace\\weight_ningjin\\backend\\vendor\\laravel\\framework\\src\\Illuminate\\Queue\\CallQueuedHandler.php(59): Illuminate\\Queue\\CallQueuedHandler->dispatchThroughMiddleware(Object(Illuminate\\Queue\\Jobs\\DatabaseJob), Object(App\\Jobs\\UdpClientJob))
#33 E:\\workspace\\weight_ningjin\\backend\\vendor\\laravel\\framework\\src\\Illuminate\\Queue\\Jobs\\Job.php(98): Illuminate\\Queue\\CallQueuedHandler->call(Object(Illuminate\\Queue\\Jobs\\DatabaseJob), Array)
#34 E:\\workspace\\weight_ningjin\\backend\\vendor\\laravel\\framework\\src\\Illuminate\\Queue\\Worker.php(356): Illuminate\\Queue\\Jobs\\Job->fire()
#35 E:\\workspace\\weight_ningjin\\backend\\vendor\\laravel\\framework\\src\\Illuminate\\Queue\\Worker.php(306): Illuminate\\Queue\\Worker->process('database', Object(Illuminate\\Queue\\Jobs\\DatabaseJob), Object(Illuminate\\Queue\\WorkerOptions))
#36 E:\\workspace\\weight_ningjin\\backend\\vendor\\laravel\\framework\\src\\Illuminate\\Queue\\Worker.php(132): Illuminate\\Queue\\Worker->runJob(Object(Illuminate\\Queue\\Jobs\\DatabaseJob), 'database', Object(Illuminate\\Queue\\WorkerOptions))
#37 E:\\workspace\\weight_ningjin\\backend\\vendor\\laravel\\framework\\src\\Illuminate\\Queue\\Console\\WorkCommand.php(112): Illuminate\\Queue\\Worker->daemon('database', 'default', Object(Illuminate\\Queue\\WorkerOptions))
#38 E:\\workspace\\weight_ningjin\\backend\\vendor\\laravel\\framework\\src\\Illuminate\\Queue\\Console\\WorkCommand.php(96): Illuminate\\Queue\\Console\\WorkCommand->runWorker('database', 'default')
#39 E:\\workspace\\weight_ningjin\\backend\\vendor\\laravel\\framework\\src\\Illuminate\\Container\\BoundMethod.php(36): Illuminate\\Queue\\Console\\WorkCommand->handle()
#40 E:\\workspace\\weight_ningjin\\backend\\vendor\\laravel\\framework\\src\\Illuminate\\Container\\Util.php(37): Illuminate\\Container\\BoundMethod::Illuminate\\Container\\{closure}()
#41 E:\\workspace\\weight_ningjin\\backend\\vendor\\laravel\\framework\\src\\Illuminate\\Container\\BoundMethod.php(93): Illuminate\\Container\\Util::unwrapIfClosure(Object(Closure))
#42 E:\\workspace\\weight_ningjin\\backend\\vendor\\laravel\\framework\\src\\Illuminate\\Container\\BoundMethod.php(37): Illuminate\\Container\\BoundMethod::callBoundMethod(Object(Illuminate\\Foundation\\Application), Array, Object(Closure))
#43 E:\\workspace\\weight_ningjin\\backend\\vendor\\laravel\\framework\\src\\Illuminate\\Container\\Container.php(596): Illuminate\\Container\\BoundMethod::call(Object(Illuminate\\Foundation\\Application), Array, Array, NULL)
#44 E:\\workspace\\weight_ningjin\\backend\\vendor\\laravel\\framework\\src\\Illuminate\\Console\\Command.php(134): Illuminate\\Container\\Container->call(Array)
#45 E:\\workspace\\weight_ningjin\\backend\\vendor\\symfony\\console\\Command\\Command.php(298): Illuminate\\Console\\Command->execute(Object(Symfony\\Component\\Console\\Input\\ArgvInput), Object(Illuminate\\Console\\OutputStyle))
#46 E:\\workspace\\weight_ningjin\\backend\\vendor\\laravel\\framework\\src\\Illuminate\\Console\\Command.php(121): Symfony\\Component\\Console\\Command\\Command->run(Object(Symfony\\Component\\Console\\Input\\ArgvInput), Object(Illuminate\\Console\\OutputStyle))
#47 E:\\workspace\\weight_ningjin\\backend\\vendor\\symfony\\console\\Application.php(1024): Illuminate\\Console\\Command->run(Object(Symfony\\Component\\Console\\Input\\ArgvInput), Object(Symfony\\Component\\Console\\Output\\ConsoleOutput))
#48 E:\\workspace\\weight_ningjin\\backend\\vendor\\symfony\\console\\Application.php(299): Symfony\\Component\\Console\\Application->doRunCommand(Object(Illuminate\\Queue\\Console\\WorkCommand), Object(Symfony\\Component\\Console\\Input\\ArgvInput), Object(Symfony\\Component\\Console\\Output\\ConsoleOutput))
#49 E:\\workspace\\weight_ningjin\\backend\\vendor\\symfony\\console\\Application.php(171): Symfony\\Component\\Console\\Application->doRun(Object(Symfony\\Component\\Console\\Input\\ArgvInput), Object(Symfony\\Component\\Console\\Output\\ConsoleOutput))
#50 E:\\workspace\\weight_ningjin\\backend\\vendor\\laravel\\framework\\src\\Illuminate\\Console\\Application.php(93): Symfony\\Component\\Console\\Application->run(Object(Symfony\\Component\\Console\\Input\\ArgvInput), Object(Symfony\\Component\\Console\\Output\\ConsoleOutput))
#51 E:\\workspace\\weight_ningjin\\backend\\vendor\\laravel\\framework\\src\\Illuminate\\Foundation\\Console\\Kernel.php(129): Illuminate\\Console\\Application->run(Object(Symfony\\Component\\Console\\Input\\ArgvInput), Object(Symfony\\Component\\Console\\Output\\ConsoleOutput))
#52 E:\\workspace\\weight_ningjin\\backend\\artisan(37): Illuminate\\Foundation\\Console\\Kernel->handle(Object(Symfony\\Component\\Console\\Input\\ArgvInput), Object(Symfony\\Component\\Console\\Output\\ConsoleOutput))
#53 {main}
"} 
